Arguments: 
  C:\Program Files\nodejs\node.exe C:\Program Files (x86)\Yarn\bin\yarn.js add react-sass

PATH: 
  C:\Users\Sam\bin;C:\Users\Sam\Desktop\Lambda\Git\mingw64\bin;C:\Users\Sam\Desktop\Lambda\Git\usr\local\bin;C:\Users\Sam\Desktop\Lambda\Git\usr\bin;C:\Users\Sam\Desktop\Lambda\Git\usr\bin;C:\Users\Sam\Desktop\Lambda\Git\mingw64\bin;C:\Users\Sam\Desktop\Lambda\Git\usr\bin;C:\Users\Sam\bin;C:\Program Files (x86)\NVIDIA Corporation\PhysX\Common;C:\Windows\system32;C:\Windows;C:\Windows\System32\Wbem;C:\Windows\System32\WindowsPowerShell\v1.0;C:\Windows\System32\OpenSSH;C:\Users\Sam\Desktop\Lambda\Git\cmd;C:\Program Files\nodejs;C:\Program Files (x86)\Yarn\bin;C:\Users\Sam\AppData\Local\Programs\Python\Python37-32\Scripts;C:\Users\Sam\AppData\Local\Programs\Python\Python37-32;C:\Users\Sam\AppData\Local\Microsoft\WindowsApps;C:\Program Files\JetBrains\PyCharm Community Edition 2018.3.3\bin;C:\Users\Sam\AppData\Roaming\npm;C:\Users\Sam\AppData\Local\Yarn\bin;C:\Users\Sam\Desktop\Lambda\Git\usr\bin\vendor_perl;C:\Users\Sam\Desktop\Lambda\Git\usr\bin\core_perl

Yarn version: 
  1.15.2

Node version: 
  10.15.3

Platform: 
  win32 x64

Trace: 
  Error: https://registry.yarnpkg.com/react-sass: Not found
      at Request.params.callback [as _callback] (C:\Program Files (x86)\Yarn\lib\cli.js:65167:18)
      at Request.self.callback (C:\Program Files (x86)\Yarn\lib\cli.js:129541:22)
      at Request.emit (events.js:189:13)
      at Request.<anonymous> (C:\Program Files (x86)\Yarn\lib\cli.js:130513:10)
      at Request.emit (events.js:189:13)
      at IncomingMessage.<anonymous> (C:\Program Files (x86)\Yarn\lib\cli.js:130435:12)
      at Object.onceWrapper (events.js:277:13)
      at IncomingMessage.emit (events.js:194:15)
      at endReadableNT (_stream_readable.js:1125:12)
      at process._tickCallback (internal/process/next_tick.js:63:19)

npm manifest: 
  No manifest

yarn manifest: 
  No manifest

Lockfile: 
  No lockfile
